# JRE version: Java(TM) SE Runtime Environment (11.0.1+13) (build 11.0.1+13-LTS)
# Java VM: Java HotSpot(TM) 64-Bit Server VM (11.0.1+13-LTS, mixed mode, tiered, compressed oops, g1 gc, windows-amd64)
Heap:
 garbage-first heap   total 155648K, used 40605K [0x0000000082400000, 0x0000000100000000)
  region size 1024K, 7 young (7168K), 7 survivors (7168K)
 Metaspace       used 49794K, capacity 50317K, committed 50512K, reserved 1093632K
  class space    used 5815K, capacity 6059K, committed 6144K, reserved 1048576K
GC Heap History (10 events):
Event: 2.967 GC heap after
{Heap after GC invocations=2 (full 0):
 garbage-first heap   total 129024K, used 9522K [0x0000000082400000, 0x0000000100000000)
  region size 1024K, 7 young (7168K), 7 survivors (7168K)
 Metaspace       used 20886K, capacity 21086K, committed 21296K, reserved 1069056K
  class space    used 2228K, capacity 2312K, committed 2432K, reserved 1048576K
}
Event: 4.355 GC heap before
{Heap before GC invocations=3 (full 0):
 garbage-first heap   total 129024K, used 64818K [0x0000000082400000, 0x0000000100000000)
  region size 1024K, 56 young (57344K), 7 survivors (7168K)
 Metaspace       used 32290K, capacity 32639K, committed 32816K, reserved 1077248K
  class space    used 4043K, capacity 4214K, committed 4224K, reserved 1048576K
}
Event: 4.384 GC heap after
{Heap after GC invocations=4 (full 0):
 garbage-first heap   total 129024K, used 25622K [0x0000000082400000, 0x0000000100000000)
  region size 1024K, 7 young (7168K), 7 survivors (7168K)
 Metaspace       used 32290K, capacity 32639K, committed 32816K, reserved 1077248K
  class space    used 4043K, capacity 4214K, committed 4224K, reserved 1048576K
}
Event: 4.521 GC heap before
{Heap before GC invocations=4 (full 0):
 garbage-first heap   total 129024K, used 30742K [0x0000000082400000, 0x0000000100000000)
  region size 1024K, 12 young (12288K), 7 survivors (7168K)
 Metaspace       used 33704K, capacity 34079K, committed 34352K, reserved 1079296K
  class space    used 4202K, capacity 4374K, committed 4480K, reserved 1048576K
}
Event: 4.535 GC heap after
{Heap after GC invocations=5 (full 0):
 garbage-first heap   total 129024K, used 27473K [0x0000000082400000, 0x0000000100000000)
  region size 1024K, 1 young (1024K), 1 survivors (1024K)
 Metaspace       used 33704K, capacity 34079K, committed 34352K, reserved 1079296K
  class space    used 4202K, capacity 4374K, committed 4480K, reserved 1048576K
}
Event: 4.814 GC heap before
{Heap before GC invocations=5 (full 0):
 garbage-first heap   total 129024K, used 35665K [0x0000000082400000, 0x0000000100000000)
  region size 1024K, 10 young (10240K), 1 survivors (1024K)
 Metaspace       used 35365K, capacity 35723K, committed 35920K, reserved 1081344K
  class space    used 4373K, capacity 4538K, committed 4608K, reserved 1048576K
}
Event: 4.817 GC heap after
{Heap after GC invocations=6 (full 0):
 garbage-first heap   total 129024K, used 25961K [0x0000000082400000, 0x0000000100000000)
  region size 1024K, 2 young (2048K), 2 survivors (2048K)
 Metaspace       used 35365K, capacity 35723K, committed 35920K, reserved 1081344K
  class space    used 4373K, capacity 4538K, committed 4608K, reserved 1048576K
}
Event: 6.211 GC heap before
{Heap before GC invocations=7 (full 0):
 garbage-first heap   total 129024K, used 67945K [0x0000000082400000, 0x0000000100000000)
  region size 1024K, 43 young (44032K), 2 survivors (2048K)
 Metaspace       used 43751K, capacity 44225K, committed 44368K, reserved 1089536K
  class space    used 5168K, capacity 5360K, committed 5376K, reserved 1048576K
}
Event: 6.220 GC heap after
{Heap after GC invocations=8 (full 0):
 garbage-first heap   total 129024K, used 30394K [0x0000000082400000, 0x0000000100000000)
  region size 1024K, 6 young (6144K), 6 survivors (6144K)
 Metaspace       used 43751K, capacity 44225K, committed 44368K, reserved 1089536K
  class space    used 5168K, capacity 5360K, committed 5376K, reserved 1048576K
}
Event: 8.402 GC heap before
{Heap before GC invocations=8 (full 0):
 garbage-first heap   total 129024K, used 77498K [0x0000000082400000, 0x0000000100000000)
  region size 1024K, 49 young (50176K), 6 survivors (6144K)
 Metaspace       used 49794K, capacity 50317K, committed 50512K, reserved 1093632K
  class space    used 5815K, capacity 6059K, committed 6144K, reserved 1048576K
}

