# JRE version: Java(TM) SE Runtime Environment (11.0.1+13) (build 11.0.1+13-LTS)
# Java VM: Java HotSpot(TM) 64-Bit Server VM (11.0.1+13-LTS, mixed mode, tiered, compressed oops, g1 gc, windows-amd64)
Heap:
 garbage-first heap   total 155648K, used 42968K [0x0000000082400000, 0x0000000100000000)
  region size 1024K, 12 young (12288K), 6 survivors (6144K)
 Metaspace       used 48888K, capacity 49424K, committed 49616K, reserved 1093632K
  class space    used 5705K, capacity 5933K, committed 6016K, reserved 1048576K
GC Heap History (10 events):
Event: 4.346 GC heap before
{Heap before GC invocations=3 (full 0):
 garbage-first heap   total 129024K, used 63711K [0x0000000082400000, 0x0000000100000000)
  region size 1024K, 56 young (57344K), 7 survivors (7168K)
 Metaspace       used 32366K, capacity 32767K, committed 33072K, reserved 1079296K
  class space    used 4052K, capacity 4214K, committed 4224K, reserved 1048576K
}
Event: 4.377 GC heap after
{Heap after GC invocations=4 (full 0):
 garbage-first heap   total 129024K, used 25590K [0x0000000082400000, 0x0000000100000000)
  region size 1024K, 7 young (7168K), 7 survivors (7168K)
 Metaspace       used 32366K, capacity 32767K, committed 33072K, reserved 1079296K
  class space    used 4052K, capacity 4214K, committed 4224K, reserved 1048576K
}
Event: 4.514 GC heap before
{Heap before GC invocations=4 (full 0):
 garbage-first heap   total 129024K, used 30710K [0x0000000082400000, 0x0000000100000000)
  region size 1024K, 12 young (12288K), 7 survivors (7168K)
 Metaspace       used 33759K, capacity 34143K, committed 34352K, reserved 1079296K
  class space    used 4212K, capacity 4374K, committed 4480K, reserved 1048576K
}
Event: 4.527 GC heap after
{Heap after GC invocations=5 (full 0):
 garbage-first heap   total 129024K, used 27479K [0x0000000082400000, 0x0000000100000000)
  region size 1024K, 1 young (1024K), 1 survivors (1024K)
 Metaspace       used 33759K, capacity 34143K, committed 34352K, reserved 1079296K
  class space    used 4212K, capacity 4374K, committed 4480K, reserved 1048576K
}
Event: 4.800 GC heap before
{Heap before GC invocations=5 (full 0):
 garbage-first heap   total 129024K, used 35671K [0x0000000082400000, 0x0000000100000000)
  region size 1024K, 10 young (10240K), 1 survivors (1024K)
 Metaspace       used 35407K, capacity 35755K, committed 35920K, reserved 1081344K
  class space    used 4390K, capacity 4570K, committed 4608K, reserved 1048576K
}
Event: 4.804 GC heap after
{Heap after GC invocations=6 (full 0):
 garbage-first heap   total 129024K, used 26048K [0x0000000082400000, 0x0000000100000000)
  region size 1024K, 2 young (2048K), 2 survivors (2048K)
 Metaspace       used 35407K, capacity 35755K, committed 35920K, reserved 1081344K
  class space    used 4390K, capacity 4570K, committed 4608K, reserved 1048576K
}
Event: 6.350 GC heap before
{Heap before GC invocations=7 (full 0):
 garbage-first heap   total 129024K, used 68032K [0x0000000082400000, 0x0000000100000000)
  region size 1024K, 43 young (44032K), 2 survivors (2048K)
 Metaspace       used 43764K, capacity 44162K, committed 44368K, reserved 1089536K
  class space    used 5170K, capacity 5360K, committed 5376K, reserved 1048576K
}
Event: 6.361 GC heap after
{Heap after GC invocations=8 (full 0):
 garbage-first heap   total 129024K, used 30340K [0x0000000082400000, 0x0000000100000000)
  region size 1024K, 6 young (6144K), 6 survivors (6144K)
 Metaspace       used 43764K, capacity 44162K, committed 44368K, reserved 1089536K
  class space    used 5170K, capacity 5360K, committed 5376K, reserved 1048576K
}
Event: 8.213 GC heap before
{Heap before GC invocations=8 (full 0):
 garbage-first heap   total 129024K, used 78468K [0x0000000082400000, 0x0000000100000000)
  region size 1024K, 50 young (51200K), 6 survivors (6144K)
 Metaspace       used 48674K, capacity 49231K, committed 49360K, reserved 1093632K
  class space    used 5685K, capacity 5933K, committed 6016K, reserved 1048576K
}
Event: 8.232 GC heap after
{Heap after GC invocations=9 (full 0):
 garbage-first heap   total 155648K, used 37848K [0x0000000082400000, 0x0000000100000000)
  region size 1024K, 6 young (6144K), 6 survivors (6144K)
 Metaspace       used 48674K, capacity 49231K, committed 49360K, reserved 1093632K
  class space    used 5685K, capacity 5933K, committed 6016K, reserved 1048576K
}

